\BOOKMARK [1][]{section.1}{Introduction}{}% 1
\BOOKMARK [2][]{subsection.2}{Problem}{section.1}% 2
\BOOKMARK [2][]{subsection.3}{Motivation}{section.1}% 3
\BOOKMARK [2][]{subsection.4}{Potential Users}{section.1}% 4
\BOOKMARK [2][]{subsection.5}{General Approach}{section.1}% 5
\BOOKMARK [1][]{section.6}{Visualization Tasks}{}% 6
\BOOKMARK [1][]{section.7}{Related Work}{}% 7
\BOOKMARK [1][]{section.8}{Background}{}% 8
\BOOKMARK [1][]{section.9}{Methods}{}% 9
\BOOKMARK [2][]{subsection.10}{Data Sources}{section.9}% 10
\BOOKMARK [2][]{subsection.11}{Data Organization}{section.9}% 11
\BOOKMARK [2][]{subsection.15}{Design of the Interface}{section.9}% 12
\BOOKMARK [2][]{subsection.17}{Enhancement Over Existing Models}{section.9}% 13
\BOOKMARK [1][]{section.18}{Implementation}{}% 14
\BOOKMARK [2][]{subsection.19}{Data Organization}{section.18}% 15
\BOOKMARK [2][]{subsection.20}{Website}{section.18}% 16
\BOOKMARK [2][]{subsection.23}{Issues Encountered and Resulting Design Choices}{section.18}% 17
\BOOKMARK [1][]{section.24}{Results}{}% 18
\BOOKMARK [2][]{subsection.25}{Insights}{section.24}% 19
\BOOKMARK [2][]{subsection.28}{Data Set}{section.24}% 20
\BOOKMARK [2][]{subsection.29}{Dimensions Used}{section.24}% 21
\BOOKMARK [2][]{subsection.30}{Performance}{section.24}% 22
\BOOKMARK [2][]{subsection.31}{Supplementary Materials}{section.24}% 23
\BOOKMARK [2][]{subsection.32}{Domain Expert Review}{section.24}% 24
\BOOKMARK [1][]{section.33}{Conclusion and Future Work}{}% 25
\BOOKMARK [1][]{section.34}{Acknowledgements}{}% 26
\BOOKMARK [1][]{section.35}{References}{}% 27
